<?xml version="1.0" encoding="UTF-8"?>
<!-- Generated by org.testng.reporters.JUnitXMLReporter -->
<testsuite hostname="LAPTOP-O81FVFFS" name="Default test" tests="6" failures="0" timestamp="20 Feb 2019 09:12:52 GMT" time="0.395" errors="0">
  <testcase name="@BeforeSuite beforeMethod" time="0.0" classname="com.adda.main.MainClass">
    <failure type="java.lang.IllegalStateException" message="The driver executable does not exist: C:\usr\bin\chromedriver">
      <![CDATA[java.lang.IllegalStateException: The driver executable does not exist: C:\usr\bin\chromedriver
	at com.google.common.base.Preconditions.checkState(Preconditions.java:585)
	at org.openqa.selenium.remote.service.DriverService.checkExecutable(DriverService.java:137)
	at org.openqa.selenium.remote.service.DriverService.findExecutable(DriverService.java:132)
	at org.openqa.selenium.chrome.ChromeDriverService.access$000(ChromeDriverService.java:35)
	at org.openqa.selenium.chrome.ChromeDriverService$Builder.findDefaultExecutable(ChromeDriverService.java:156)
	at org.openqa.selenium.remote.service.DriverService$Builder.build(DriverService.java:346)
	at org.openqa.selenium.chrome.ChromeDriverService.createDefaultService(ChromeDriverService.java:91)
	at org.openqa.selenium.chrome.ChromeDriver.<init>(ChromeDriver.java:157)
	at com.adda.main.MainClass.beforeMethod(MainClass.java:60)
	at sun.reflect.NativeMethodAccessorImpl.invoke0(Native Method)
	at sun.reflect.NativeMethodAccessorImpl.invoke(Unknown Source)
	at sun.reflect.DelegatingMethodAccessorImpl.invoke(Unknown Source)
	at java.lang.reflect.Method.invoke(Unknown Source)
	at org.testng.internal.MethodInvocationHelper.invokeMethod(MethodInvocationHelper.java:86)
	at org.testng.internal.Invoker.invokeConfigurationMethod(Invoker.java:514)
	at org.testng.internal.Invoker.invokeConfigurations(Invoker.java:215)
	at org.testng.internal.Invoker.invokeConfigurations(Invoker.java:142)
	at org.testng.SuiteRunner.privateRun(SuiteRunner.java:305)
	at org.testng.SuiteRunner.run(SuiteRunner.java:268)
	at org.testng.SuiteRunnerWorker.runSuite(SuiteRunnerWorker.java:52)
	at org.testng.SuiteRunnerWorker.run(SuiteRunnerWorker.java:86)
	at org.testng.TestNG.runSuitesSequentially(TestNG.java:1244)
	at org.testng.TestNG.runSuitesLocally(TestNG.java:1169)
	at org.testng.TestNG.run(TestNG.java:1064)
	at org.testng.remote.AbstractRemoteTestNG.run(AbstractRemoteTestNG.java:114)
	at org.testng.remote.RemoteTestNG.initAndRun(RemoteTestNG.java:251)
	at org.testng.remote.RemoteTestNG.main(RemoteTestNG.java:77)
]]>
    </failure>
  </testcase> <!-- @BeforeSuite beforeMethod -->
  <testcase name="AdminCreateNotice" time="0.002" classname="com.adda.main.MainClass">
    <skipped/>
  </testcase> <!-- AdminCreateNotice -->
  <testcase name="UserVerifyNotice" time="0.0" classname="com.adda.main.MainClass">
    <skipped/>
  </testcase> <!-- UserVerifyNotice -->
  <testcase name="verifyMyUnit" time="0.006" classname="com.adda.main.MainClass">
    <skipped/>
  </testcase> <!-- verifyMyUnit -->
  <testcase name="validateDirectMessage" time="0.001" classname="com.adda.main.MainClass">
    <skipped/>
  </testcase> <!-- validateDirectMessage -->
  <testcase name="ValidateHelpdesk" time="0.001" classname="com.adda.main.MainClass">
    <skipped/>
  </testcase> <!-- ValidateHelpdesk -->
  <testcase name="createConversations" time="0.002" classname="com.adda.main.MainClass">
    <skipped/>
  </testcase> <!-- createConversations -->
</testsuite> <!-- Default test -->
